<?xml version="1.0" encoding="UTF-8"?>
<testng-results ignored="0" total="1" passed="1" failed="0" skipped="0">
  <reporter-output>
  </reporter-output>
  <suite started-at="2023-04-24T20:07:16 ICT" name="Default suite" finished-at="2023-04-24T20:07:48 ICT" duration-ms="32214">
    <groups>
    </groups>
    <test started-at="2023-04-24T20:07:16 ICT" name="Default test" finished-at="2023-04-24T20:07:48 ICT" duration-ms="32214">
      <class name="lab_6.Lab_6">
        <test-method is-config="true" signature="startBrowser()[pri:0, instance:lab_6.Lab_6@7d4f9aae]" started-at="2023-04-24T20:07:16 ICT" name="startBrowser" finished-at="2023-04-24T20:07:45 ICT" duration-ms="28429" status="PASS">
          <reporter-output>
          </reporter-output>
        </test-method> <!-- startBrowser -->
        <test-method signature="TC_001()[pri:0, instance:lab_6.Lab_6@7d4f9aae]" started-at="2023-04-24T20:07:45 ICT" name="TC_001" finished-at="2023-04-24T20:07:48 ICT" duration-ms="3627" status="PASS">
          <reporter-output>
          </reporter-output>
        </test-method> <!-- TC_001 -->
        <test-method is-config="true" signature="closeBrowser()[pri:0, instance:lab_6.Lab_6@7d4f9aae]" started-at="2023-04-24T20:07:48 ICT" name="closeBrowser" finished-at="2023-04-24T20:07:48 ICT" duration-ms="127" status="PASS">
          <reporter-output>
          </reporter-output>
        </test-method> <!-- closeBrowser -->
      </class> <!-- lab_6.Lab_6 -->
    </test> <!-- Default test -->
  </suite> <!-- Default suite -->
</testng-results>
